<?xml version="1.0" encoding="UTF-8" ?>
<testsuites>
  <testsuite errors="0" failures="0" hostname="LM-sjn-00872842" id="0" name="AutoCloningTest" package="aurora" tests="1" time="0.651" timestamp="2013-11-13T07:55:45">
      <properties />

      <testcase classname="aurora.AutoCloningTest" name="testClone" time="0.073" />

      <system-out><![CDATA[--Output from testClone--
]]></system-out>

      <system-err><![CDATA[--Output from testClone--
]]></system-err>

  </testsuite>
  <testsuite errors="0" failures="0" hostname="LM-sjn-00872842" id="1" name="FlavorServiceTest" package="aurora" tests="4" time="1.244" timestamp="2013-11-13T07:55:46">
      <properties />

      <testcase classname="aurora.FlavorServiceTest" name="testGetById" time="0.951" />

      <testcase classname="aurora.FlavorServiceTest" name="testCreate" time="0.054" />

      <testcase classname="aurora.FlavorServiceTest" name="testDelete" time="0.047" />

      <testcase classname="aurora.FlavorServiceTest" name="testListAll" time="0.045" />

      <system-out><![CDATA[--Output from testGetById--
--Output from testCreate--
--Output from testDelete--
--Output from testListAll--
Using /etc/aurora as AURORA_HOME
]]></system-out>

      <system-err><![CDATA[--Output from testGetById--
--Output from testCreate--
--Output from testDelete--
--Output from testListAll--
]]></system-err>

  </testsuite>
  <testsuite errors="0" failures="0" hostname="LM-sjn-00872842" id="2" name="HeatServiceTest" package="aurora" tests="5" time="0.415" timestamp="2013-11-13T07:55:47">
      <properties />

      <testcase classname="aurora.HeatServiceTest" name="testGetById" time="0.112" />

      <testcase classname="aurora.HeatServiceTest" name="testDelete" time="0.037" />

      <testcase classname="aurora.HeatServiceTest" name="testListAll" time="0.038" />

      <testcase classname="aurora.HeatServiceTest" name="testCreateStack" time="0.039" />

      <testcase classname="aurora.HeatServiceTest" name="testParseParams" time="0.06" />

      <system-out><![CDATA[--Output from testGetById--
--Output from testDelete--
--Output from testListAll--
--Output from testCreateStack--
--Output from testParseParams--
Using /etc/aurora as AURORA_HOME
]]></system-out>

      <system-err><![CDATA[--Output from testGetById--
--Output from testDelete--
--Output from testListAll--
--Output from testCreateStack--
--Output from testParseParams--
]]></system-err>

  </testsuite>
  <testsuite errors="0" failures="0" hostname="LM-sjn-00872842" id="3" name="ImageServiceTest" package="aurora" tests="7" time="0.961" timestamp="2013-11-13T07:55:48">
      <properties />

      <testcase classname="aurora.ImageServiceTest" name="testExists" time="0.208" />

      <testcase classname="aurora.ImageServiceTest" name="testGetAllImages" time="0.094" />

      <testcase classname="aurora.ImageServiceTest" name="testGetAllSnapshots" time="0.071" />

      <testcase classname="aurora.ImageServiceTest" name="testDeleteImageById" time="0.072" />

      <testcase classname="aurora.ImageServiceTest" name="testGetImageById" time="0.129" />

      <testcase classname="aurora.ImageServiceTest" name="testCreateImage" time="0.086" />

      <testcase classname="aurora.ImageServiceTest" name="testUpdateImage" time="0.073" />

      <system-out><![CDATA[--Output from testExists--
--Output from testGetAllImages--
--Output from testGetAllSnapshots--
--Output from testDeleteImageById--
--Output from testGetImageById--
--Output from testCreateImage--
--Output from testUpdateImage--
Using /etc/aurora as AURORA_HOME
]]></system-out>

      <system-err><![CDATA[--Output from testExists--
--Output from testGetAllImages--
--Output from testGetAllSnapshots--
--Output from testDeleteImageById--
--Output from testGetImageById--
--Output from testCreateImage--
--Output from testUpdateImage--
]]></system-err>

  </testsuite>
  <testsuite errors="0" failures="0" hostname="LM-sjn-00872842" id="4" name="InstanceServiceTest" package="aurora" tests="21" time="1.12" timestamp="2013-11-13T07:55:49">
      <properties />

      <testcase classname="aurora.InstanceServiceTest" name="testGetById" time="0.181" />

      <testcase classname="aurora.InstanceServiceTest" name="testListAll" time="0.062" />

      <testcase classname="aurora.InstanceServiceTest" name="testUpdate" time="0.032" />

      <testcase classname="aurora.InstanceServiceTest" name="testResume" time="0.04" />

      <testcase classname="aurora.InstanceServiceTest" name="testSuspend" time="0.04" />

      <testcase classname="aurora.InstanceServiceTest" name="testPause" time="0.034" />

      <testcase classname="aurora.InstanceServiceTest" name="testUnpause" time="0.036" />

      <testcase classname="aurora.InstanceServiceTest" name="testCreateSnapshot" time="0.037" />

      <testcase classname="aurora.InstanceServiceTest" name="testGetLog" time="0.036" />

      <testcase classname="aurora.InstanceServiceTest" name="testGetVncUrl" time="0.033" />

      <testcase classname="aurora.InstanceServiceTest" name="testReboot" time="0.041" />

      <testcase classname="aurora.InstanceServiceTest" name="testDeleteById" time="0.037" />

      <testcase classname="aurora.InstanceServiceTest" name="testListAllUseExternalFLIP" time="0.051" />

      <testcase classname="aurora.InstanceServiceTest" name="testAllActiveInstances" time="0.041" />

      <testcase classname="aurora.InstanceServiceTest" name="testGetByIdWithOutFillingFloatingIPs" time="0.042" />

      <testcase classname="aurora.InstanceServiceTest" name="testIsSendAZOnCreate" time="0.045" />

      <testcase classname="aurora.InstanceServiceTest" name="testCreation" time="0.067" />

      <testcase classname="aurora.InstanceServiceTest" name="testCreation2" time="0.036" />

      <testcase classname="aurora.InstanceServiceTest" name="testIsShowAdminLoginCredentials" time="0.033" />

      <testcase classname="aurora.InstanceServiceTest" name="testIsShowUserLoginCredentials" time="0.043" />

      <testcase classname="aurora.InstanceServiceTest" name="testExists" time="0.043" />

      <system-out><![CDATA[--Output from testGetById--
--Output from testListAll--
--Output from testUpdate--
--Output from testResume--
--Output from testSuspend--
--Output from testPause--
--Output from testUnpause--
--Output from testCreateSnapshot--
--Output from testGetLog--
--Output from testGetVncUrl--
--Output from testReboot--
--Output from testDeleteById--
--Output from testListAllUseExternalFLIP--
--Output from testAllActiveInstances--
--Output from testGetByIdWithOutFillingFloatingIPs--
--Output from testIsSendAZOnCreate--
--Output from testCreation--
--Output from testCreation2--
--Output from testIsShowAdminLoginCredentials--
--Output from testIsShowUserLoginCredentials--
--Output from testExists--
Using /etc/aurora as AURORA_HOME
]]></system-out>

      <system-err><![CDATA[--Output from testGetById--
--Output from testListAll--
--Output from testUpdate--
--Output from testResume--
--Output from testSuspend--
--Output from testPause--
--Output from testUnpause--
--Output from testCreateSnapshot--
--Output from testGetLog--
--Output from testGetVncUrl--
--Output from testReboot--
--Output from testDeleteById--
--Output from testListAllUseExternalFLIP--
--Output from testAllActiveInstances--
--Output from testGetByIdWithOutFillingFloatingIPs--
--Output from testIsSendAZOnCreate--
--Output from testCreation--
--Output from testCreation2--
--Output from testIsShowAdminLoginCredentials--
--Output from testIsShowUserLoginCredentials--
--Output from testExists--
]]></system-err>

  </testsuite>
  <testsuite errors="0" failures="0" hostname="LM-sjn-00872842" id="5" name="KeypairServiceTest" package="aurora" tests="7" time="0.306" timestamp="2013-11-13T07:55:50">
      <properties />

      <testcase classname="aurora.KeypairServiceTest" name="testGetAllNames" time="0.033" />

      <testcase classname="aurora.KeypairServiceTest" name="testGetKeypairByName" time="0.046" />

      <testcase classname="aurora.KeypairServiceTest" name="testInsert" time="0.029" />

      <testcase classname="aurora.KeypairServiceTest" name="testCreate" time="0.028" />

      <testcase classname="aurora.KeypairServiceTest" name="testDelete" time="0.022" />

      <testcase classname="aurora.KeypairServiceTest" name="testListAll" time="0.025" />

      <testcase classname="aurora.KeypairServiceTest" name="testExists" time="0.027" />

      <system-out><![CDATA[--Output from testGetAllNames--
--Output from testGetKeypairByName--
--Output from testInsert--
--Output from testCreate--
--Output from testDelete--
--Output from testListAll--
--Output from testExists--
Using /etc/aurora as AURORA_HOME
]]></system-out>

      <system-err><![CDATA[--Output from testGetAllNames--
--Output from testGetKeypairByName--
--Output from testInsert--
--Output from testCreate--
--Output from testDelete--
--Output from testListAll--
--Output from testExists--
]]></system-err>

  </testsuite>
  <testsuite errors="0" failures="0" hostname="LM-sjn-00872842" id="6" name="LbaasServiceTest" package="aurora" tests="26" time="1.487" timestamp="2013-11-13T07:55:50">
      <properties />

      <testcase classname="aurora.LbaasServiceTest" name="testGetAllPools" time="0.114" />

      <testcase classname="aurora.LbaasServiceTest" name="testGetPool" time="0.034" />

      <testcase classname="aurora.LbaasServiceTest" name="testDeletePool" time="0.036" />

      <testcase classname="aurora.LbaasServiceTest" name="testCreatePool" time="0.043" />

      <testcase classname="aurora.LbaasServiceTest" name="testUpdatePool" time="0.046" />

      <testcase classname="aurora.LbaasServiceTest" name="testGetVips" time="0.059" />

      <testcase classname="aurora.LbaasServiceTest" name="testGetVip" time="0.038" />

      <testcase classname="aurora.LbaasServiceTest" name="testCreateVip" time="0.039" />

      <testcase classname="aurora.LbaasServiceTest" name="testDeleteVip" time="0.039" />

      <testcase classname="aurora.LbaasServiceTest" name="testGetPolicies" time="0.05" />

      <testcase classname="aurora.LbaasServiceTest" name="testGetPolicy" time="0.038" />

      <testcase classname="aurora.LbaasServiceTest" name="testCreatePolicy" time="0.035" />

      <testcase classname="aurora.LbaasServiceTest" name="testUpdatePolicy" time="0.041" />

      <testcase classname="aurora.LbaasServiceTest" name="testDeletePolicy" time="0.042" />

      <testcase classname="aurora.LbaasServiceTest" name="testGetJobs" time="0.064" />

      <testcase classname="aurora.LbaasServiceTest" name="testGetJobById" time="0.051" />

      <testcase classname="aurora.LbaasServiceTest" name="testGetServices" time="0.065" />

      <testcase classname="aurora.LbaasServiceTest" name="testGetServicesByInstance" time="0.076" />

      <testcase classname="aurora.LbaasServiceTest" name="testAddServices" time="0.082" />

      <testcase classname="aurora.LbaasServiceTest" name="testDeleteServices" time="0.04" />

      <testcase classname="aurora.LbaasServiceTest" name="testDeleteService" time="0.037" />

      <testcase classname="aurora.LbaasServiceTest" name="testChangeEnabled" time="0.052" />

      <testcase classname="aurora.LbaasServiceTest" name="testGetAllServices" time="0.039" />

      <testcase classname="aurora.LbaasServiceTest" name="testGetMethods" time="0.041" />

      <testcase classname="aurora.LbaasServiceTest" name="testGetMonitors" time="0.037" />

      <testcase classname="aurora.LbaasServiceTest" name="testIsServiceEnabled" time="0.035" />

      <system-out><![CDATA[--Output from testGetAllPools--
--Output from testGetPool--
--Output from testDeletePool--
--Output from testCreatePool--
--Output from testUpdatePool--
--Output from testGetVips--
--Output from testGetVip--
--Output from testCreateVip--
--Output from testDeleteVip--
--Output from testGetPolicies--
--Output from testGetPolicy--
--Output from testCreatePolicy--
--Output from testUpdatePolicy--
--Output from testDeletePolicy--
--Output from testGetJobs--
--Output from testGetJobById--
--Output from testGetServices--
--Output from testGetServicesByInstance--
--Output from testAddServices--
--Output from testDeleteServices--
--Output from testDeleteService--
--Output from testChangeEnabled--
--Output from testGetAllServices--
--Output from testGetMethods--
--Output from testGetMonitors--
--Output from testIsServiceEnabled--
Using /etc/aurora as AURORA_HOME
]]></system-out>

      <system-err><![CDATA[--Output from testGetAllPools--
--Output from testGetPool--
--Output from testDeletePool--
--Output from testCreatePool--
--Output from testUpdatePool--
--Output from testGetVips--
--Output from testGetVip--
--Output from testCreateVip--
--Output from testDeleteVip--
--Output from testGetPolicies--
--Output from testGetPolicy--
--Output from testCreatePolicy--
--Output from testUpdatePolicy--
--Output from testDeletePolicy--
--Output from testGetJobs--
--Output from testGetJobById--
--Output from testGetServices--
--Output from testGetServicesByInstance--
--Output from testAddServices--
--Output from testDeleteServices--
--Output from testDeleteService--
--Output from testChangeEnabled--
--Output from testGetAllServices--
--Output from testGetMethods--
--Output from testGetMonitors--
--Output from testIsServiceEnabled--
]]></system-err>

  </testsuite>
  <testsuite errors="0" failures="0" hostname="LM-sjn-00872842" id="7" name="MeteringServiceTest" package="aurora" tests="7" time="0.707" timestamp="2013-11-13T07:55:52">
      <properties />

      <testcase classname="aurora.MeteringServiceTest" name="testGetUsages" time="0.133" />

      <testcase classname="aurora.MeteringServiceTest" name="testGetUsagesWithCurrentTenant" time="0.086" />

      <testcase classname="aurora.MeteringServiceTest" name="testGetUsages2" time="0.074" />

      <testcase classname="aurora.MeteringServiceTest" name="testGetUsagesWithCurrentTenant2" time="0.069" />

      <testcase classname="aurora.MeteringServiceTest" name="testGetMeters" time="0.068" />

      <testcase classname="aurora.MeteringServiceTest" name="testGetSamples" time="0.091" />

      <testcase classname="aurora.MeteringServiceTest" name="testGetSamplesWithCurrentTenant" time="0.078" />

      <system-out><![CDATA[--Output from testGetUsages--
--Output from testGetUsagesWithCurrentTenant--
--Output from testGetUsages2--
--Output from testGetUsagesWithCurrentTenant2--
--Output from testGetMeters--
--Output from testGetSamples--
--Output from testGetSamplesWithCurrentTenant--
Using /etc/aurora as AURORA_HOME
]]></system-out>

      <system-err><![CDATA[--Output from testGetUsages--
--Output from testGetUsagesWithCurrentTenant--
--Output from testGetUsages2--
--Output from testGetUsagesWithCurrentTenant2--
--Output from testGetMeters--
--Output from testGetSamples--
--Output from testGetSamplesWithCurrentTenant--
]]></system-err>

  </testsuite>
  <testsuite errors="0" failures="0" hostname="LM-sjn-00872842" id="8" name="NetworkServiceTest" package="aurora" tests="16" time="0.717" timestamp="2013-11-13T07:55:52">
      <properties />

      <testcase classname="aurora.NetworkServiceTest" name="testGetFloatingIpsWithOutQuantumDNSService" time="0.044" />

      <testcase classname="aurora.NetworkServiceTest" name="testGetFloatingIpsWithQuantumDNSService" time="0.034" />

      <testcase classname="aurora.NetworkServiceTest" name="testGetUnassignedFloatingIps" time="0.039" />

      <testcase classname="aurora.NetworkServiceTest" name="testGetExternalFloatingIps" time="0.045" />

      <testcase classname="aurora.NetworkServiceTest" name="testGetExternalFloatingIpsMap" time="0.04" />

      <testcase classname="aurora.NetworkServiceTest" name="testGetFloatingIpsForInstance" time="0.043" />

      <testcase classname="aurora.NetworkServiceTest" name="testGetFloatingIpById" time="0.037" />

      <testcase classname="aurora.NetworkServiceTest" name="testGetFloatingIpPools" time="0.032" />

      <testcase classname="aurora.NetworkServiceTest" name="testAllocateFloatingIpWithOutQuantumDNSService" time="0.035" />

      <testcase classname="aurora.NetworkServiceTest" name="testAllocateFloatingIpWithQuantumDNSService" time="0.037" />

      <testcase classname="aurora.NetworkServiceTest" name="testAllocateFloatingIpWithoutQuantumDNSService" time="0.033" />

      <testcase classname="aurora.NetworkServiceTest" name="testReleaseFloatingIpWithOutQuantumDNSService" time="0.036" />

      <testcase classname="aurora.NetworkServiceTest" name="testReleaseFloatingIpWithQuantumDNSService" time="0.035" />

      <testcase classname="aurora.NetworkServiceTest" name="testAssociateFloatingIp" time="0.047" />

      <testcase classname="aurora.NetworkServiceTest" name="testDisassociateFloatingIp" time="0.037" />

      <testcase classname="aurora.NetworkServiceTest" name="testIsUseExternalFLIP" time="0.033" />

      <system-out><![CDATA[--Output from testGetFloatingIpsWithOutQuantumDNSService--
--Output from testGetFloatingIpsWithQuantumDNSService--
--Output from testGetUnassignedFloatingIps--
--Output from testGetExternalFloatingIps--
--Output from testGetExternalFloatingIpsMap--
--Output from testGetFloatingIpsForInstance--
--Output from testGetFloatingIpById--
--Output from testGetFloatingIpPools--
--Output from testAllocateFloatingIpWithOutQuantumDNSService--
--Output from testAllocateFloatingIpWithQuantumDNSService--
--Output from testAllocateFloatingIpWithoutQuantumDNSService--
--Output from testReleaseFloatingIpWithOutQuantumDNSService--
--Output from testReleaseFloatingIpWithQuantumDNSService--
--Output from testAssociateFloatingIp--
--Output from testDisassociateFloatingIp--
--Output from testIsUseExternalFLIP--
Using /etc/aurora as AURORA_HOME
]]></system-out>

      <system-err><![CDATA[--Output from testGetFloatingIpsWithOutQuantumDNSService--
--Output from testGetFloatingIpsWithQuantumDNSService--
--Output from testGetUnassignedFloatingIps--
--Output from testGetExternalFloatingIps--
--Output from testGetExternalFloatingIpsMap--
--Output from testGetFloatingIpsForInstance--
--Output from testGetFloatingIpById--
--Output from testGetFloatingIpPools--
--Output from testAllocateFloatingIpWithOutQuantumDNSService--
--Output from testAllocateFloatingIpWithQuantumDNSService--
--Output from testAllocateFloatingIpWithoutQuantumDNSService--
--Output from testReleaseFloatingIpWithOutQuantumDNSService--
--Output from testReleaseFloatingIpWithQuantumDNSService--
--Output from testAssociateFloatingIp--
--Output from testDisassociateFloatingIp--
--Output from testIsUseExternalFLIP--
]]></system-err>

  </testsuite>
  <testsuite errors="0" failures="0" hostname="LM-sjn-00872842" id="9" name="OpenStackRESTServiceTest" package="aurora" tests="2" time="0.061" timestamp="2013-11-13T07:55:53">
      <properties />

      <testcase classname="aurora.OpenStackRESTServiceTest" name="testIsServiceEnabledForNull" time="0.038" />

      <testcase classname="aurora.OpenStackRESTServiceTest" name="testIsServiceEnabled" time="0.021" />

      <system-out><![CDATA[--Output from testIsServiceEnabledForNull--
--Output from testIsServiceEnabled--
]]></system-out>

      <system-err><![CDATA[--Output from testIsServiceEnabledForNull--
--Output from testIsServiceEnabled--
]]></system-err>

  </testsuite>
  <testsuite errors="0" failures="0" hostname="LM-sjn-00872842" id="10" name="OpenStackServiceTest" package="aurora" tests="1" time="0.111" timestamp="2013-11-13T07:55:53">
      <properties />

      <testcase classname="aurora.OpenStackServiceTest" name="testFormatHost" time="0.002" />

      <system-out><![CDATA[--Output from testFormatHost--
Using /etc/aurora as AURORA_HOME
]]></system-out>

      <system-err><![CDATA[--Output from testFormatHost--
]]></system-err>

  </testsuite>
  <testsuite errors="0" failures="0" hostname="LM-sjn-00872842" id="11" name="OpenStackUserServiceTest" package="aurora" tests="15" time="0.52" timestamp="2013-11-13T07:55:53">
      <properties />

      <testcase classname="aurora.OpenStackUserServiceTest" name="testGetAllUsers" time="0.055" />

      <testcase classname="aurora.OpenStackUserServiceTest" name="testGetAllUsersByTenant" time="0.027" />

      <testcase classname="aurora.OpenStackUserServiceTest" name="testGetUserByName1" time="0.022" />

      <testcase classname="aurora.OpenStackUserServiceTest" name="testGetUserByName2" time="0.024" />

      <testcase classname="aurora.OpenStackUserServiceTest" name="testGetUserByNameWithWrongName" time="0.024" />

      <testcase classname="aurora.OpenStackUserServiceTest" name="testGetUserById" time="0.027" />

      <testcase classname="aurora.OpenStackUserServiceTest" name="testGetAllRoles" time="0.022" />

      <testcase classname="aurora.OpenStackUserServiceTest" name="testCreateUser" time="0.034" />

      <testcase classname="aurora.OpenStackUserServiceTest" name="testUpdateUser" time="0.023" />

      <testcase classname="aurora.OpenStackUserServiceTest" name="testDeleteUserById" time="0.027" />

      <testcase classname="aurora.OpenStackUserServiceTest" name="testGetUserRoles" time="0.027" />

      <testcase classname="aurora.OpenStackUserServiceTest" name="testSetUserRole" time="0.019" />

      <testcase classname="aurora.OpenStackUserServiceTest" name="testDeleteUserRole" time="0.024" />

      <testcase classname="aurora.OpenStackUserServiceTest" name="testGetUsersRoles" time="0.039" />

      <testcase classname="aurora.OpenStackUserServiceTest" name="testRole" time="0.015" />

      <system-out><![CDATA[--Output from testGetAllUsers--
--Output from testGetAllUsersByTenant--
--Output from testGetUserByName1--
--Output from testGetUserByName2--
--Output from testGetUserByNameWithWrongName--
--Output from testGetUserById--
--Output from testGetAllRoles--
--Output from testCreateUser--
--Output from testUpdateUser--
--Output from testDeleteUserById--
--Output from testGetUserRoles--
--Output from testSetUserRole--
--Output from testDeleteUserRole--
--Output from testGetUsersRoles--
--Output from testRole--
Using /etc/aurora as AURORA_HOME
]]></system-out>

      <system-err><![CDATA[--Output from testGetAllUsers--
--Output from testGetAllUsersByTenant--
--Output from testGetUserByName1--
--Output from testGetUserByName2--
--Output from testGetUserByNameWithWrongName--
--Output from testGetUserById--
--Output from testGetAllRoles--
--Output from testCreateUser--
--Output from testUpdateUser--
--Output from testDeleteUserById--
--Output from testGetUserRoles--
--Output from testSetUserRole--
--Output from testDeleteUserRole--
--Output from testGetUsersRoles--
--Output from testRole--
]]></system-err>

  </testsuite>
  <testsuite errors="0" failures="0" hostname="LM-sjn-00872842" id="12" name="PservServiceTest" package="aurora" tests="5" time="0.261" timestamp="2013-11-13T07:55:54">
      <properties />

      <testcase classname="aurora.PservServiceTest" name="testCreateTicket" time="0.057" />

      <testcase classname="aurora.PservServiceTest" name="testIsServiceEnabled" time="0.021" />

      <testcase classname="aurora.PservServiceTest" name="testGetTicket" time="0.029" />

      <testcase classname="aurora.PservServiceTest" name="testAddNote" time="0.026" />

      <testcase classname="aurora.PservServiceTest" name="testCloseTicket" time="0.027" />

      <system-out><![CDATA[--Output from testCreateTicket--
--Output from testIsServiceEnabled--
--Output from testGetTicket--
--Output from testAddNote--
--Output from testCloseTicket--
Using /etc/aurora as AURORA_HOME
]]></system-out>

      <system-err><![CDATA[--Output from testCreateTicket--
--Output from testIsServiceEnabled--
--Output from testGetTicket--
--Output from testAddNote--
--Output from testCloseTicket--
]]></system-err>

  </testsuite>
  <testsuite errors="0" failures="0" hostname="LM-sjn-00872842" id="13" name="QuantumDNSServiceTest" package="aurora" tests="13" time="0.582" timestamp="2013-11-13T07:55:54">
      <properties />

      <testcase classname="aurora.QuantumDNSServiceTest" name="testAddDnsRecord" time="0.028" />

      <testcase classname="aurora.QuantumDNSServiceTest" name="testAddDnsRecordPPP" time="0.028" />

      <testcase classname="aurora.QuantumDNSServiceTest" name="testDeleteDnsRecord" time="0.025" />

      <testcase classname="aurora.QuantumDNSServiceTest" name="testDeleteDnsRecordPPP" time="0.028" />

      <testcase classname="aurora.QuantumDNSServiceTest" name="testGetFqdnByIp" time="0.033" />

      <testcase classname="aurora.QuantumDNSServiceTest" name="testGetFqdnByIpWithException" time="0.096" />

      <testcase classname="aurora.QuantumDNSServiceTest" name="testGetIpByHostnameAndZone" time="0.029" />

      <testcase classname="aurora.QuantumDNSServiceTest" name="testGetIpByHostnameAndZoneWithException" time="0.038" />

      <testcase classname="aurora.QuantumDNSServiceTest" name="testGetIpByHostnameAndZoneNegative" time="0.03" />

      <testcase classname="aurora.QuantumDNSServiceTest" name="testDeleteDnsRecordByIp" time="0.032" />

      <testcase classname="aurora.QuantumDNSServiceTest" name="testDeleteDnsRecordByIpWithException" time="0.04" />

      <testcase classname="aurora.QuantumDNSServiceTest" name="testDeleteDnsRecordByIpNegative" time="0.036" />

      <testcase classname="aurora.QuantumDNSServiceTest" name="testIsServiceEnabled" time="0.027" />

      <system-out><![CDATA[--Output from testAddDnsRecord--
--Output from testAddDnsRecordPPP--
--Output from testDeleteDnsRecord--
--Output from testDeleteDnsRecordPPP--
--Output from testGetFqdnByIp--
--Output from testGetFqdnByIpWithException--
--Output from testGetIpByHostnameAndZone--
--Output from testGetIpByHostnameAndZoneWithException--
--Output from testGetIpByHostnameAndZoneNegative--
--Output from testDeleteDnsRecordByIp--
--Output from testDeleteDnsRecordByIpWithException--
--Output from testDeleteDnsRecordByIpNegative--
--Output from testIsServiceEnabled--
Using /etc/aurora as AURORA_HOME
]]></system-out>

      <system-err><![CDATA[--Output from testAddDnsRecord--
--Output from testAddDnsRecordPPP--
--Output from testDeleteDnsRecord--
--Output from testDeleteDnsRecordPPP--
--Output from testGetFqdnByIp--
--Output from testGetFqdnByIpWithException--
2013-11-12 23:55:54,807 [main] ERROR aurora.QuantumDNSService  - Error while getting FQDN name by IP 1.2.3.4
Message: message
   Line | Method
->> 111 | testGetFqdnByIpWithException in aurora.QuantumDNSServiceTest
- - - - - - - - - - - - - - - - - - - - - - - - - - - - - - - - - - - - 
|    45 | runReflectiveCall            in org.junit.runners.model.FrameworkMethod$1
|    15 | run . . . . . . . . . . . .  in org.junit.internal.runners.model.ReflectiveCallable
|    42 | invokeExplosively            in org.junit.runners.model.FrameworkMethod
|    20 | evaluate . . . . . . . . . . in org.junit.internal.runners.statements.InvokeMethod
|    28 | evaluate                     in org.junit.internal.runners.statements.RunBefores
|    30 | evaluate . . . . . . . . . . in org.junit.internal.runners.statements.RunAfters
|   263 | runLeaf                      in org.junit.runners.ParentRunner
|    68 | runChild . . . . . . . . . . in org.junit.runners.BlockJUnit4ClassRunner
|    47 | runChild                     in     ''
|   231 | run . . . . . . . . . . . .  in org.junit.runners.ParentRunner$3
|    60 | schedule                     in org.junit.runners.ParentRunner$1
|   229 | runChildren . . . . . . . .  in org.junit.runners.ParentRunner
|    50 | access$000                   in     ''
|   222 | evaluate . . . . . . . . . . in org.junit.runners.ParentRunner$2
|    28 | evaluate                     in org.junit.internal.runners.statements.RunBefores
|    30 | evaluate . . . . . . . . . . in org.junit.internal.runners.statements.RunAfters
|   300 | run                          in org.junit.runners.ParentRunner
|   128 | runChild . . . . . . . . . . in org.junit.runners.Suite
|    24 | runChild                     in     ''
|   231 | run . . . . . . . . . . . .  in org.junit.runners.ParentRunner$3
|    60 | schedule                     in org.junit.runners.ParentRunner$1
|   229 | runChildren . . . . . . . .  in org.junit.runners.ParentRunner
|    50 | access$000                   in     ''
|   222 | evaluate . . . . . . . . . . in org.junit.runners.ParentRunner$2
|   300 | run                          in org.junit.runners.ParentRunner
|   290 | doCall . . . . . . . . . . . in TestApp$_run_closure4
|   248 | doCall                       in TestApp$_run_closure2
|   195 | doCall . . . . . . . . . . . in TestApp$_run_closure1_closure21
|   184 | doCall                       in TestApp$_run_closure1
^    82 | doCall . . . . . . . . . . . in     ''

--Output from testGetIpByHostnameAndZone--
--Output from testGetIpByHostnameAndZoneWithException--
2013-11-12 23:55:54,911 [main] ERROR aurora.QuantumDNSService  - Error while getting IP by host name ANGR1 and zone sjnlab.paypal.com
Message: message
   Line | Method
->> 132 | testGetIpByHostnameAndZoneWithException in aurora.QuantumDNSServiceTest
- - - - - - - - - - - - - - - - - - - - - - - - - - - - - - - - - - - - 
|    45 | runReflectiveCall                       in org.junit.runners.model.FrameworkMethod$1
|    15 | run . . . . . . . . . . . . . . . . . . in org.junit.internal.runners.model.ReflectiveCallable
|    42 | invokeExplosively                       in org.junit.runners.model.FrameworkMethod
|    20 | evaluate . . . . . . . . . . . . . . .  in org.junit.internal.runners.statements.InvokeMethod
|    28 | evaluate                                in org.junit.internal.runners.statements.RunBefores
|    30 | evaluate . . . . . . . . . . . . . . .  in org.junit.internal.runners.statements.RunAfters
|   263 | runLeaf                                 in org.junit.runners.ParentRunner
|    68 | runChild . . . . . . . . . . . . . . .  in org.junit.runners.BlockJUnit4ClassRunner
|    47 | runChild                                in     ''
|   231 | run . . . . . . . . . . . . . . . . . . in org.junit.runners.ParentRunner$3
|    60 | schedule                                in org.junit.runners.ParentRunner$1
|   229 | runChildren . . . . . . . . . . . . . . in org.junit.runners.ParentRunner
|    50 | access$000                              in     ''
|   222 | evaluate . . . . . . . . . . . . . . .  in org.junit.runners.ParentRunner$2
|    28 | evaluate                                in org.junit.internal.runners.statements.RunBefores
|    30 | evaluate . . . . . . . . . . . . . . .  in org.junit.internal.runners.statements.RunAfters
|   300 | run                                     in org.junit.runners.ParentRunner
|   128 | runChild . . . . . . . . . . . . . . .  in org.junit.runners.Suite
|    24 | runChild                                in     ''
|   231 | run . . . . . . . . . . . . . . . . . . in org.junit.runners.ParentRunner$3
|    60 | schedule                                in org.junit.runners.ParentRunner$1
|   229 | runChildren . . . . . . . . . . . . . . in org.junit.runners.ParentRunner
|    50 | access$000                              in     ''
|   222 | evaluate . . . . . . . . . . . . . . .  in org.junit.runners.ParentRunner$2
|   300 | run                                     in org.junit.runners.ParentRunner
|   290 | doCall . . . . . . . . . . . . . . . .  in TestApp$_run_closure4
|   248 | doCall                                  in TestApp$_run_closure2
|   195 | doCall . . . . . . . . . . . . . . . .  in TestApp$_run_closure1_closure21
|   184 | doCall                                  in TestApp$_run_closure1
^    82 | doCall . . . . . . . . . . . . . . . .  in     ''

--Output from testGetIpByHostnameAndZoneNegative--
--Output from testDeleteDnsRecordByIp--
--Output from testDeleteDnsRecordByIpWithException--
2013-11-12 23:55:55,013 [main] ERROR aurora.QuantumDNSService  - Can not delete 1.2.3.4 from UDNS service. FQDN: foo.host.com , but zones: [wrong_zone]

--Output from testDeleteDnsRecordByIpNegative--
2013-11-12 23:55:55,053 [main] ERROR aurora.QuantumDNSService  - Error while getting FQDN name by IP 1.2.3.4
Message: message
   Line | Method
->> 176 | testDeleteDnsRecordByIpNegative in aurora.QuantumDNSServiceTest
- - - - - - - - - - - - - - - - - - - - - - - - - - - - - - - - - - - - 
|    45 | runReflectiveCall               in org.junit.runners.model.FrameworkMethod$1
|    15 | run . . . . . . . . . . . . . . in org.junit.internal.runners.model.ReflectiveCallable
|    42 | invokeExplosively               in org.junit.runners.model.FrameworkMethod
|    20 | evaluate . . . . . . . . . . .  in org.junit.internal.runners.statements.InvokeMethod
|    28 | evaluate                        in org.junit.internal.runners.statements.RunBefores
|    30 | evaluate . . . . . . . . . . .  in org.junit.internal.runners.statements.RunAfters
|   263 | runLeaf                         in org.junit.runners.ParentRunner
|    68 | runChild . . . . . . . . . . .  in org.junit.runners.BlockJUnit4ClassRunner
|    47 | runChild                        in     ''
|   231 | run . . . . . . . . . . . . . . in org.junit.runners.ParentRunner$3
|    60 | schedule                        in org.junit.runners.ParentRunner$1
|   229 | runChildren . . . . . . . . . . in org.junit.runners.ParentRunner
|    50 | access$000                      in     ''
|   222 | evaluate . . . . . . . . . . .  in org.junit.runners.ParentRunner$2
|    28 | evaluate                        in org.junit.internal.runners.statements.RunBefores
|    30 | evaluate . . . . . . . . . . .  in org.junit.internal.runners.statements.RunAfters
|   300 | run                             in org.junit.runners.ParentRunner
|   128 | runChild . . . . . . . . . . .  in org.junit.runners.Suite
|    24 | runChild                        in     ''
|   231 | run . . . . . . . . . . . . . . in org.junit.runners.ParentRunner$3
|    60 | schedule                        in org.junit.runners.ParentRunner$1
|   229 | runChildren . . . . . . . . . . in org.junit.runners.ParentRunner
|    50 | access$000                      in     ''
|   222 | evaluate . . . . . . . . . . .  in org.junit.runners.ParentRunner$2
|   300 | run                             in org.junit.runners.ParentRunner
|   290 | doCall . . . . . . . . . . . .  in TestApp$_run_closure4
|   248 | doCall                          in TestApp$_run_closure2
|   195 | doCall . . . . . . . . . . . .  in TestApp$_run_closure1_closure21
|   184 | doCall                          in TestApp$_run_closure1
^    82 | doCall . . . . . . . . . . . .  in     ''

--Output from testIsServiceEnabled--
]]></system-err>

  </testsuite>
  <testsuite errors="0" failures="0" hostname="LM-sjn-00872842" id="14" name="QuantumServiceTest" package="aurora" tests="29" time="1.32" timestamp="2013-11-13T07:55:55">
      <properties />

      <testcase classname="aurora.QuantumServiceTest" name="testGetNetworkList" time="0.147" />

      <testcase classname="aurora.QuantumServiceTest" name="testGetNetworkById" time="0.042" />

      <testcase classname="aurora.QuantumServiceTest" name="testGetNetworksByProjectId" time="0.035" />

      <testcase classname="aurora.QuantumServiceTest" name="testGetSubnetList" time="0.029" />

      <testcase classname="aurora.QuantumServiceTest" name="testGetSubnetById" time="0.039" />

      <testcase classname="aurora.QuantumServiceTest" name="testGetSubnetMap" time="0.033" />

      <testcase classname="aurora.QuantumServiceTest" name="testGetPortList" time="0.061" />

      <testcase classname="aurora.QuantumServiceTest" name="testGetPortById" time="0.031" />

      <testcase classname="aurora.QuantumServiceTest" name="testGetPortsByNetworkId" time="0.034" />

      <testcase classname="aurora.QuantumServiceTest" name="testGetPortsByRouterId" time="0.038" />

      <testcase classname="aurora.QuantumServiceTest" name="testCreateNetwork" time="0.035" />

      <testcase classname="aurora.QuantumServiceTest" name="testUpdateNetwork" time="0.027" />

      <testcase classname="aurora.QuantumServiceTest" name="testCreateSubnet" time="0.048" />

      <testcase classname="aurora.QuantumServiceTest" name="testUpdateSubnet" time="0.035" />

      <testcase classname="aurora.QuantumServiceTest" name="testCreatePort" time="0.044" />

      <testcase classname="aurora.QuantumServiceTest" name="testUpdatePort" time="0.044" />

      <testcase classname="aurora.QuantumServiceTest" name="testGetRouterList" time="0.08" />

      <testcase classname="aurora.QuantumServiceTest" name="testGetRouterById" time="0.036" />

      <testcase classname="aurora.QuantumServiceTest" name="testGetNetworkMap" time="0.035" />

      <testcase classname="aurora.QuantumServiceTest" name="testCreateRouter" time="0.032" />

      <testcase classname="aurora.QuantumServiceTest" name="testUpdateRouter" time="0.026" />

      <testcase classname="aurora.QuantumServiceTest" name="testAddRouterInterfaceBySubnet" time="0.045" />

      <testcase classname="aurora.QuantumServiceTest" name="testAddRouterInterfaceByPort" time="0.029" />

      <testcase classname="aurora.QuantumServiceTest" name="testRemoveRouterInterfaceByPort" time="0.03" />

      <testcase classname="aurora.QuantumServiceTest" name="testDeleteNetwork" time="0.033" />

      <testcase classname="aurora.QuantumServiceTest" name="testDeleteSubnet" time="0.024" />

      <testcase classname="aurora.QuantumServiceTest" name="testDeletePort" time="0.029" />

      <testcase classname="aurora.QuantumServiceTest" name="testDeleteRouter" time="0.03" />

      <testcase classname="aurora.QuantumServiceTest" name="testIsServiceEnabled" time="0.037" />

      <system-out><![CDATA[--Output from testGetNetworkList--
--Output from testGetNetworkById--
--Output from testGetNetworksByProjectId--
--Output from testGetSubnetList--
--Output from testGetSubnetById--
--Output from testGetSubnetMap--
--Output from testGetPortList--
--Output from testGetPortById--
--Output from testGetPortsByNetworkId--
--Output from testGetPortsByRouterId--
--Output from testCreateNetwork--
--Output from testUpdateNetwork--
--Output from testCreateSubnet--
--Output from testUpdateSubnet--
--Output from testCreatePort--
--Output from testUpdatePort--
--Output from testGetRouterList--
--Output from testGetRouterById--
--Output from testGetNetworkMap--
--Output from testCreateRouter--
--Output from testUpdateRouter--
--Output from testAddRouterInterfaceBySubnet--
--Output from testAddRouterInterfaceByPort--
--Output from testRemoveRouterInterfaceByPort--
--Output from testDeleteNetwork--
--Output from testDeleteSubnet--
--Output from testDeletePort--
--Output from testDeleteRouter--
--Output from testIsServiceEnabled--
Using /etc/aurora as AURORA_HOME
]]></system-out>

      <system-err><![CDATA[--Output from testGetNetworkList--
--Output from testGetNetworkById--
--Output from testGetNetworksByProjectId--
--Output from testGetSubnetList--
--Output from testGetSubnetById--
--Output from testGetSubnetMap--
--Output from testGetPortList--
--Output from testGetPortById--
--Output from testGetPortsByNetworkId--
--Output from testGetPortsByRouterId--
--Output from testCreateNetwork--
--Output from testUpdateNetwork--
--Output from testCreateSubnet--
--Output from testUpdateSubnet--
--Output from testCreatePort--
--Output from testUpdatePort--
--Output from testGetRouterList--
--Output from testGetRouterById--
--Output from testGetNetworkMap--
--Output from testCreateRouter--
--Output from testUpdateRouter--
--Output from testAddRouterInterfaceBySubnet--
--Output from testAddRouterInterfaceByPort--
--Output from testRemoveRouterInterfaceByPort--
--Output from testDeleteNetwork--
--Output from testDeleteSubnet--
--Output from testDeletePort--
--Output from testDeleteRouter--
--Output from testIsServiceEnabled--
]]></system-err>

  </testsuite>
  <testsuite errors="0" failures="0" hostname="LM-sjn-00872842" id="15" name="QuotaServiceTest" package="aurora" tests="5" time="0.326" timestamp="2013-11-13T07:55:56">
      <properties />

      <testcase classname="aurora.QuotaServiceTest" name="testGetQuotasByTenantId" time="0.077" />

      <testcase classname="aurora.QuotaServiceTest" name="testGetAllQuotas" time="0.029" />

      <testcase classname="aurora.QuotaServiceTest" name="testSetQuotasByTenantId" time="0.033" />

      <testcase classname="aurora.QuotaServiceTest" name="testGetQuotaByName" time="0.04" />

      <testcase classname="aurora.QuotaServiceTest" name="testGetQuotaUsage" time="0.047" />

      <system-out><![CDATA[--Output from testGetQuotasByTenantId--
--Output from testGetAllQuotas--
--Output from testSetQuotasByTenantId--
--Output from testGetQuotaByName--
--Output from testGetQuotaUsage--
Using /etc/aurora as AURORA_HOME
]]></system-out>

      <system-err><![CDATA[--Output from testGetQuotasByTenantId--
--Output from testGetAllQuotas--
--Output from testSetQuotasByTenantId--
--Output from testGetQuotaByName--
--Output from testGetQuotaUsage--
]]></system-err>

  </testsuite>
  <testsuite errors="0" failures="0" hostname="LM-sjn-00872842" id="16" name="SecurityGroupServiceTest" package="aurora" tests="6" time="0.283" timestamp="2013-11-13T07:55:56">
      <properties />

      <testcase classname="aurora.SecurityGroupServiceTest" name="testGetAllSecurityGroups" time="0.064" />

      <testcase classname="aurora.SecurityGroupServiceTest" name="testGetSecurityGroupById" time="0.024" />

      <testcase classname="aurora.SecurityGroupServiceTest" name="testCreateSecurityGroup" time="0.023" />

      <testcase classname="aurora.SecurityGroupServiceTest" name="testCreateSecurityGroupRule" time="0.026" />

      <testcase classname="aurora.SecurityGroupServiceTest" name="testDeleteSecurityGroupById" time="0.021" />

      <testcase classname="aurora.SecurityGroupServiceTest" name="testDeleteSecurityGroupRuleById" time="0.025" />

      <system-out><![CDATA[--Output from testGetAllSecurityGroups--
--Output from testGetSecurityGroupById--
--Output from testCreateSecurityGroup--
--Output from testCreateSecurityGroupRule--
--Output from testDeleteSecurityGroupById--
--Output from testDeleteSecurityGroupRuleById--
Using /etc/aurora as AURORA_HOME
]]></system-out>

      <system-err><![CDATA[--Output from testGetAllSecurityGroups--
--Output from testGetSecurityGroupById--
--Output from testCreateSecurityGroup--
--Output from testCreateSecurityGroupRule--
--Output from testDeleteSecurityGroupById--
--Output from testDeleteSecurityGroupRuleById--
]]></system-err>

  </testsuite>
  <testsuite errors="0" failures="0" hostname="LM-sjn-00872842" id="17" name="SnapshotServiceTest" package="aurora" tests="4" time="0.209" timestamp="2013-11-13T07:55:57">
      <properties />

      <testcase classname="aurora.SnapshotServiceTest" name="testGetSnapshotById" time="0.049" />

      <testcase classname="aurora.SnapshotServiceTest" name="testDeleteSnapshotById" time="0.022" />

      <testcase classname="aurora.SnapshotServiceTest" name="testCreateSnapshot" time="0.019" />

      <testcase classname="aurora.SnapshotServiceTest" name="testGetAllSnapshots" time="0.025" />

      <system-out><![CDATA[--Output from testGetSnapshotById--
--Output from testDeleteSnapshotById--
--Output from testCreateSnapshot--
--Output from testGetAllSnapshots--
Using /etc/aurora as AURORA_HOME
]]></system-out>

      <system-err><![CDATA[--Output from testGetSnapshotById--
--Output from testDeleteSnapshotById--
--Output from testCreateSnapshot--
--Output from testGetAllSnapshots--
]]></system-err>

  </testsuite>
  <testsuite errors="0" failures="0" hostname="LM-sjn-00872842" id="18" name="TenantServiceTest" package="aurora" tests="8" time="0.245" timestamp="2013-11-13T07:55:57">
      <properties />

      <testcase classname="aurora.TenantServiceTest" name="testGetTenantsMap" time="0.036" />

      <testcase classname="aurora.TenantServiceTest" name="testCreateTenant" time="0.023" />

      <testcase classname="aurora.TenantServiceTest" name="testUpdateTenant" time="0.031" />

      <testcase classname="aurora.TenantServiceTest" name="testGetTenantById" time="0.03" />

      <testcase classname="aurora.TenantServiceTest" name="testGetTenantByName" time="0.036" />

      <testcase classname="aurora.TenantServiceTest" name="testDeleteTenantById" time="0.029" />

      <testcase classname="aurora.TenantServiceTest" name="testGetAllTenants" time="0.027" />

      <testcase classname="aurora.TenantServiceTest" name="testIsKeystoneCustomTenancy" time="0.027" />

      <system-out><![CDATA[--Output from testGetTenantsMap--
--Output from testCreateTenant--
--Output from testUpdateTenant--
--Output from testGetTenantById--
--Output from testGetTenantByName--
--Output from testDeleteTenantById--
--Output from testGetAllTenants--
--Output from testIsKeystoneCustomTenancy--
]]></system-out>

      <system-err><![CDATA[--Output from testGetTenantsMap--
--Output from testCreateTenant--
--Output from testUpdateTenant--
--Output from testGetTenantById--
--Output from testGetTenantByName--
--Output from testDeleteTenantById--
--Output from testGetAllTenants--
--Output from testIsKeystoneCustomTenancy--
]]></system-err>

  </testsuite>
  <testsuite errors="0" failures="0" hostname="LM-sjn-00872842" id="19" name="ValidatorUtilsTest" package="aurora" tests="1" time="0.111" timestamp="2013-11-13T07:55:57">
      <properties />

      <testcase classname="aurora.ValidatorUtilsTest" name="testGetGroup" time="0.009" />

      <system-out><![CDATA[--Output from testGetGroup--
Using /etc/aurora as AURORA_HOME
]]></system-out>

      <system-err><![CDATA[--Output from testGetGroup--
]]></system-err>

  </testsuite>
  <testsuite errors="0" failures="0" hostname="LM-sjn-00872842" id="20" name="VolumeServiceTest" package="aurora" tests="14" time="0.462" timestamp="2013-11-13T07:55:57">
      <properties />

      <testcase classname="aurora.VolumeServiceTest" name="testGetAllVolumes" time="0.067" />

      <testcase classname="aurora.VolumeServiceTest" name="testGetAllVolumesWithException" time="0.027" />

      <testcase classname="aurora.VolumeServiceTest" name="testGetVolumeById" time="0.028" />

      <testcase classname="aurora.VolumeServiceTest" name="testDeleteVolumeById" time="0.048" />

      <testcase classname="aurora.VolumeServiceTest" name="testCreateVolume" time="0.032" />

      <testcase classname="aurora.VolumeServiceTest" name="testUpdateVolume" time="0.028" />

      <testcase classname="aurora.VolumeServiceTest" name="testAttachToInstance" time="0.027" />

      <testcase classname="aurora.VolumeServiceTest" name="testDetachFromInstance" time="0.027" />

      <testcase classname="aurora.VolumeServiceTest" name="testGetAllVolumeTypes" time="0.028" />

      <testcase classname="aurora.VolumeServiceTest" name="testCreateVolumeType" time="0.024" />

      <testcase classname="aurora.VolumeServiceTest" name="testGetVolumeTypeById" time="0.031" />

      <testcase classname="aurora.VolumeServiceTest" name="testDeleteVolumeTypeById" time="0.022" />

      <testcase classname="aurora.VolumeServiceTest" name="testGetAvailablePlaceInQuotas" time="0.03" />

      <testcase classname="aurora.VolumeServiceTest" name="testExists" time="0.029" />

      <system-out><![CDATA[--Output from testGetAllVolumes--
--Output from testGetAllVolumesWithException--
--Output from testGetVolumeById--
--Output from testDeleteVolumeById--
--Output from testCreateVolume--
--Output from testUpdateVolume--
--Output from testAttachToInstance--
--Output from testDetachFromInstance--
--Output from testGetAllVolumeTypes--
--Output from testCreateVolumeType--
--Output from testGetVolumeTypeById--
--Output from testDeleteVolumeTypeById--
--Output from testGetAvailablePlaceInQuotas--
--Output from testExists--
]]></system-out>

      <system-err><![CDATA[--Output from testGetAllVolumes--
--Output from testGetAllVolumesWithException--
--Output from testGetVolumeById--
--Output from testDeleteVolumeById--
--Output from testCreateVolume--
--Output from testUpdateVolume--
--Output from testAttachToInstance--
--Output from testDetachFromInstance--
--Output from testGetAllVolumeTypes--
--Output from testCreateVolumeType--
--Output from testGetVolumeTypeById--
--Output from testDeleteVolumeTypeById--
--Output from testGetAvailablePlaceInQuotas--
--Output from testExists--
]]></system-err>

  </testsuite>
</testsuites>
